<?xml version="1.0" encoding="UTF-8"?>
<!-- Generated by org.testng.reporters.JUnitReportReporter -->
<testsuite hostname="INLEN8520065033" failures="0" tests="1" name="com.testMethods.ValidateUI" time="11.984" errors="0" timestamp="2023-04-11T01:03:48 IST" skipped="0">
  <testcase classname="com.testMethods.ValidateUI" name="Login" time="11.984"/>
  <system-out/>
</testsuite> <!-- com.testMethods.ValidateUI -->
